# JRE version: Java(TM) SE Runtime Environment (8.0_11-b12) (build 1.8.0_11-b12)
# Java VM: Java HotSpot(TM) Server VM (25.11-b03 mixed mode linux-x86 )
Heap:
 PSYoungGen      total 236288K, used 124386K [0x97000000, 0xa7000000, 0xa7000000)
  eden space 212224K, 56% used [0x97000000,0x9e53ee10,0xa3f40000)
  from space 24064K, 17% used [0xa3f40000,0xa4379a50,0xa56c0000)
  to   space 23552K, 0% used [0xa5900000,0xa5900000,0xa7000000)
 ParOldGen       total 166912K, used 99352K [0x77000000, 0x81300000, 0x97000000)
  object space 166912K, 59% used [0x77000000,0x7d106328,0x81300000)
 Metaspace       used 42509K, capacity 43252K, committed 43264K, reserved 43312K
GC Heap History (10 events):
Event: 41,242 GC heap before
{Heap before GC invocations=31 (full 3):
 PSYoungGen      total 246016K, used 246005K [0x97000000, 0xa7000000, 0xa7000000)
  eden space 229888K, 100% used [0x97000000,0xa5080000,0xa5080000)
  from space 16128K, 99% used [0xa5080000,0xa603d6b8,0xa6040000)
  to   space 16128K, 0% used [0xa6040000,0xa6040000,0xa7000000)
 ParOldGen       total 109824K, used 73252K [0x77000000, 0x7db40000, 0x97000000)
  object space 109824K, 66% used [0x77000000,0x7b789278,0x7db40000)
 Metaspace       used 38382K, capacity 39008K, committed 39040K, reserved 39216K
Event: 41,308 GC heap after
Heap after GC invocations=31 (full 3):
 PSYoungGen      total 228096K, used 16126K [0x97000000, 0xa7000000, 0xa7000000)
  eden space 211968K, 0% used [0x97000000,0x97000000,0xa3f00000)
  from space 16128K, 99% used [0xa6040000,0xa6fff890,0xa7000000)
  to   space 25088K, 0% used [0xa3f00000,0xa3f00000,0xa5780000)
 ParOldGen       total 109824K, used 79813K [0x77000000, 0x7db40000, 0x97000000)
  object space 109824K, 72% used [0x77000000,0x7bdf1478,0x7db40000)
 Metaspace       used 38382K, capacity 39008K, committed 39040K, reserved 39216K
}
Event: 42,434 GC heap before
{Heap before GC invocations=32 (full 3):
 PSYoungGen      total 228096K, used 228094K [0x97000000, 0xa7000000, 0xa7000000)
  eden space 211968K, 100% used [0x97000000,0xa3f00000,0xa3f00000)
  from space 16128K, 99% used [0xa6040000,0xa6fff890,0xa7000000)
  to   space 25088K, 0% used [0xa3f00000,0xa3f00000,0xa5780000)
 ParOldGen       total 109824K, used 79813K [0x77000000, 0x7db40000, 0x97000000)
  object space 109824K, 72% used [0x77000000,0x7bdf1478,0x7db40000)
 Metaspace       used 39301K, capacity 39950K, committed 40064K, reserved 40240K
Event: 42,544 GC heap after
Heap after GC invocations=32 (full 3):
 PSYoungGen      total 237056K, used 13795K [0x97000000, 0xa7000000, 0xa7000000)
  eden space 211968K, 0% used [0x97000000,0x97000000,0xa3f00000)
  from space 25088K, 54% used [0xa3f00000,0xa4c78f48,0xa5780000)
  to   space 24832K, 0% used [0xa57c0000,0xa57c0000,0xa7000000)
 ParOldGen       total 109824K, used 85969K [0x77000000, 0x7db40000, 0x97000000)
  object space 109824K, 78% used [0x77000000,0x7c3f4530,0x7db40000)
 Metaspace       used 39301K, capacity 39950K, committed 40064K, reserved 40240K
}
Event: 43,932 GC heap before
{Heap before GC invocations=33 (full 3):
 PSYoungGen      total 237056K, used 225763K [0x97000000, 0xa7000000, 0xa7000000)
  eden space 211968K, 100% used [0x97000000,0xa3f00000,0xa3f00000)
  from space 25088K, 54% used [0xa3f00000,0xa4c78f48,0xa5780000)
  to   space 24832K, 0% used [0xa57c0000,0xa57c0000,0xa7000000)
 ParOldGen       total 109824K, used 85969K [0x77000000, 0x7db40000, 0x97000000)
  object space 109824K, 78% used [0x77000000,0x7c3f4530,0x7db40000)
 Metaspace       used 40987K, capacity 41682K, committed 41728K, reserved 42288K
Event: 44,025 GC heap after
Heap after GC invocations=33 (full 3):
 PSYoungGen      total 235264K, used 7951K [0x97000000, 0xa6e40000, 0xa7000000)
  eden space 212224K, 0% used [0x97000000,0x97000000,0xa3f40000)
  from space 23040K, 34% used [0xa57c0000,0xa5f83ea8,0xa6e40000)
  to   space 24064K, 0% used [0xa3f40000,0xa3f40000,0xa56c0000)
 ParOldGen       total 109824K, used 96050K [0x77000000, 0x7db40000, 0x97000000)
  object space 109824K, 87% used [0x77000000,0x7cdcc930,0x7db40000)
 Metaspace       used 40987K, capacity 41682K, committed 41728K, reserved 42288K
}
Event: 44,025 GC heap before
{Heap before GC invocations=34 (full 4):
 PSYoungGen      total 235264K, used 7951K [0x97000000, 0xa6e40000, 0xa7000000)
  eden space 212224K, 0% used [0x97000000,0x97000000,0xa3f40000)
  from space 23040K, 34% used [0xa57c0000,0xa5f83ea8,0xa6e40000)
  to   space 24064K, 0% used [0xa3f40000,0xa3f40000,0xa56c0000)
 ParOldGen       total 109824K, used 96050K [0x77000000, 0x7db40000, 0x97000000)
  object space 109824K, 87% used [0x77000000,0x7cdcc930,0x7db40000)
 Metaspace       used 40987K, capacity 41682K, committed 41728K, reserved 42288K
Event: 44,697 GC heap after
Heap after GC invocations=34 (full 4):
 PSYoungGen      total 235264K, used 0K [0x97000000, 0xa6e40000, 0xa7000000)
  eden space 212224K, 0% used [0x97000000,0x97000000,0xa3f40000)
  from space 23040K, 0% used [0xa57c0000,0xa57c0000,0xa6e40000)
  to   space 24064K, 0% used [0xa3f40000,0xa3f40000,0xa56c0000)
 ParOldGen       total 166912K, used 99348K [0x77000000, 0x81300000, 0x97000000)
  object space 166912K, 59% used [0x77000000,0x7d105328,0x81300000)
 Metaspace       used 40987K, capacity 41682K, committed 41728K, reserved 42288K
}
Event: 45,781 GC heap before
{Heap before GC invocations=35 (full 4):
 PSYoungGen      total 235264K, used 205038K [0x97000000, 0xa6e40000, 0xa7000000)
  eden space 212224K, 96% used [0x97000000,0xa383b980,0xa3f40000)
  from space 23040K, 0% used [0xa57c0000,0xa57c0000,0xa6e40000)
  to   space 24064K, 0% used [0xa3f40000,0xa3f40000,0xa56c0000)
 ParOldGen       total 166912K, used 99348K [0x77000000, 0x81300000, 0x97000000)
  object space 166912K, 59% used [0x77000000,0x7d105328,0x81300000)
 Metaspace       used 42215K, capacity 42933K, committed 43008K, reserved 43312K
Event: 45,800 GC heap after
Heap after GC invocations=35 (full 4):
 PSYoungGen      total 236288K, used 4326K [0x97000000, 0xa7000000, 0xa7000000)
  eden space 212224K, 0% used [0x97000000,0x97000000,0xa3f40000)
  from space 24064K, 17% used [0xa3f40000,0xa4379a50,0xa56c0000)
  to   space 23552K, 0% used [0xa5900000,0xa5900000,0xa7000000)
 ParOldGen       total 166912K, used 99352K [0x77000000, 0x81300000, 0x97000000)
  object space 166912K, 59% used [0x77000000,0x7d106328,0x81300000)
 Metaspace       used 42215K, capacity 42933K, committed 43008K, reserved 43312K
}

