# JRE version: Java(TM) SE Runtime Environment (8.0_11-b12) (build 1.8.0_11-b12)
# Java VM: Java HotSpot(TM) Server VM (25.11-b03 mixed mode linux-x86 )
Heap:
 PSYoungGen      total 221184K, used 89459K [0x97200000, 0xa7200000, 0xa7200000)
  eden space 202752K, 35% used [0x97200000,0x9b78c4c0,0xa3800000)
  from space 18432K, 98% used [0xa3800000,0xa49d0988,0xa4a00000)
  to   space 30208K, 0% used [0xa5480000,0xa5480000,0xa7200000)
 ParOldGen       total 116736K, used 83050K [0x77200000, 0x7e400000, 0x97200000)
  object space 116736K, 71% used [0x77200000,0x7c31aa88,0x7e400000)
 Metaspace       used 40518K, capacity 41210K, committed 41216K, reserved 41264K
GC Heap History (10 events):
Event: 36,049 GC heap before
{Heap before GC invocations=32 (full 3):
 PSYoungGen      total 248320K, used 247176K [0x97200000, 0xa7200000, 0xa7200000)
  eden space 236544K, 100% used [0x97200000,0xa5900000,0xa5900000)
  from space 11776K, 90% used [0xa6600000,0xa70623e0,0xa7180000)
  to   space 12800K, 0% used [0xa5900000,0xa5900000,0xa6580000)
 ParOldGen       total 116736K, used 54999K [0x77200000, 0x7e400000, 0x97200000)
  object space 116736K, 47% used [0x77200000,0x7a7b5df8,0x7e400000)
 Metaspace       used 35302K, capacity 35890K, committed 35968K, reserved 36144K
Event: 36,171 GC heap after
Heap after GC invocations=32 (full 3):
 PSYoungGen      total 249344K, used 12795K [0x97200000, 0xa7200000, 0xa7200000)
  eden space 236544K, 0% used [0x97200000,0x97200000,0xa5900000)
  from space 12800K, 99% used [0xa5900000,0xa657eda8,0xa6580000)
  to   space 12800K, 0% used [0xa6580000,0xa6580000,0xa7200000)
 ParOldGen       total 116736K, used 57884K [0x77200000, 0x7e400000, 0x97200000)
  object space 116736K, 49% used [0x77200000,0x7aa872f0,0x7e400000)
 Metaspace       used 35302K, capacity 35890K, committed 35968K, reserved 36144K
}
Event: 39,694 GC heap before
{Heap before GC invocations=33 (full 3):
 PSYoungGen      total 249344K, used 249339K [0x97200000, 0xa7200000, 0xa7200000)
  eden space 236544K, 100% used [0x97200000,0xa5900000,0xa5900000)
  from space 12800K, 99% used [0xa5900000,0xa657eda8,0xa6580000)
  to   space 12800K, 0% used [0xa6580000,0xa6580000,0xa7200000)
 ParOldGen       total 116736K, used 57884K [0x77200000, 0x7e400000, 0x97200000)
  object space 116736K, 49% used [0x77200000,0x7aa872f0,0x7e400000)
 Metaspace       used 36484K, capacity 37090K, committed 37248K, reserved 38192K
Event: 39,907 GC heap after
Heap after GC invocations=33 (full 3):
 PSYoungGen      total 232960K, used 12793K [0x97200000, 0xa7200000, 0xa7200000)
  eden space 220160K, 0% used [0x97200000,0x97200000,0xa4900000)
  from space 12800K, 99% used [0xa6580000,0xa71fe528,0xa7200000)
  to   space 20992K, 0% used [0xa4900000,0xa4900000,0xa5d80000)
 ParOldGen       total 116736K, used 69109K [0x77200000, 0x7e400000, 0x97200000)
  object space 116736K, 59% used [0x77200000,0x7b57d6e0,0x7e400000)
 Metaspace       used 36484K, capacity 37090K, committed 37248K, reserved 38192K
}
Event: 43,244 GC heap before
{Heap before GC invocations=34 (full 3):
 PSYoungGen      total 232960K, used 230121K [0x97200000, 0xa7200000, 0xa7200000)
  eden space 220160K, 98% used [0x97200000,0xa463bf10,0xa4900000)
  from space 12800K, 99% used [0xa6580000,0xa71fe528,0xa7200000)
  to   space 20992K, 0% used [0xa4900000,0xa4900000,0xa5d80000)
 ParOldGen       total 116736K, used 69109K [0x77200000, 0x7e400000, 0x97200000)
  object space 116736K, 59% used [0x77200000,0x7b57d6e0,0x7e400000)
 Metaspace       used 37800K, capacity 38433K, committed 38528K, reserved 39216K
Event: 43,398 GC heap after
Heap after GC invocations=34 (full 3):
 PSYoungGen      total 241152K, used 20983K [0x97200000, 0xa7200000, 0xa7200000)
  eden space 220160K, 0% used [0x97200000,0x97200000,0xa4900000)
  from space 20992K, 99% used [0xa4900000,0xa5d7df80,0xa5d80000)
  to   space 20992K, 0% used [0xa5d80000,0xa5d80000,0xa7200000)
 ParOldGen       total 116736K, used 70853K [0x77200000, 0x7e400000, 0x97200000)
  object space 116736K, 60% used [0x77200000,0x7b7317c0,0x7e400000)
 Metaspace       used 37800K, capacity 38433K, committed 38528K, reserved 39216K
}
Event: 45,683 GC heap before
{Heap before GC invocations=35 (full 3):
 PSYoungGen      total 241152K, used 241143K [0x97200000, 0xa7200000, 0xa7200000)
  eden space 220160K, 100% used [0x97200000,0xa4900000,0xa4900000)
  from space 20992K, 99% used [0xa4900000,0xa5d7df80,0xa5d80000)
  to   space 20992K, 0% used [0xa5d80000,0xa5d80000,0xa7200000)
 ParOldGen       total 116736K, used 70853K [0x77200000, 0x7e400000, 0x97200000)
  object space 116736K, 60% used [0x77200000,0x7b7317c0,0x7e400000)
 Metaspace       used 38523K, capacity 39186K, committed 39296K, reserved 40240K
Event: 45,844 GC heap after
Heap after GC invocations=35 (full 3):
 PSYoungGen      total 223744K, used 20989K [0x97200000, 0xa7200000, 0xa7200000)
  eden space 202752K, 0% used [0x97200000,0x97200000,0xa3800000)
  from space 20992K, 99% used [0xa5d80000,0xa71ff580,0xa7200000)
  to   space 29696K, 0% used [0xa3800000,0xa3800000,0xa5500000)
 ParOldGen       total 116736K, used 77513K [0x77200000, 0x7e400000, 0x97200000)
  object space 116736K, 66% used [0x77200000,0x7bdb2490,0x7e400000)
 Metaspace       used 38523K, capacity 39186K, committed 39296K, reserved 40240K
}
Event: 47,534 GC heap before
{Heap before GC invocations=36 (full 3):
 PSYoungGen      total 223744K, used 223741K [0x97200000, 0xa7200000, 0xa7200000)
  eden space 202752K, 100% used [0x97200000,0xa3800000,0xa3800000)
  from space 20992K, 99% used [0xa5d80000,0xa71ff580,0xa7200000)
  to   space 29696K, 0% used [0xa3800000,0xa3800000,0xa5500000)
 ParOldGen       total 116736K, used 77513K [0x77200000, 0x7e400000, 0x97200000)
  object space 116736K, 66% used [0x77200000,0x7bdb2490,0x7e400000)
 Metaspace       used 39735K, capacity 40418K, committed 40448K, reserved 41264K
Event: 47,694 GC heap after
Heap after GC invocations=36 (full 3):
 PSYoungGen      total 221184K, used 18242K [0x97200000, 0xa7200000, 0xa7200000)
  eden space 202752K, 0% used [0x97200000,0x97200000,0xa3800000)
  from space 18432K, 98% used [0xa3800000,0xa49d0988,0xa4a00000)
  to   space 30208K, 0% used [0xa5480000,0xa5480000,0xa7200000)
 ParOldGen       total 116736K, used 83050K [0x77200000, 0x7e400000, 0x97200000)
  object space 116736K, 71% used [0x77200000,0x7c31aa88,0x7e400000)
 Metaspace       used 39735K, capacity 40418K, committed 40448K, reserved 41264K
}

